This file contains any messages produced by compilers while
running configure, to aid debugging if configure makes a mistake.

It was created by LIA_RAL configure 3.0, which was
generated by GNU Autoconf 2.69.  Invocation command line was

  $ ./configure --with-alize=/home/szm/cd/alize-core/alize-core

## --------- ##
## Platform. ##
## --------- ##

hostname = localhost.localdomain
uname -m = x86_64
uname -r = 3.10.0-123.el7.x86_64
uname -s = Linux
uname -v = #1 SMP Mon Jun 30 12:09:22 UTC 2014

/usr/bin/uname -p = x86_64
/bin/uname -X     = unknown

/bin/arch              = x86_64
/usr/bin/arch -k       = unknown
/usr/convex/getsysinfo = unknown
/usr/bin/hostinfo      = unknown
/bin/machine           = unknown
/usr/bin/oslevel       = unknown
/bin/universe          = unknown

PATH: /usr/lib64/qt-3.3/bin
PATH: /usr/local/sbin
PATH: /usr/local/bin
PATH: /usr/sbin
PATH: /usr/bin
PATH: /root/bin


## ----------- ##
## Core tests. ##
## ----------- ##

configure:2315: checking for a BSD-compatible install
configure:2383: result: /usr/bin/install -c
configure:2394: checking whether build environment is sane
configure:2449: result: yes
configure:2487: WARNING: 'missing' script is too old or missing
configure:2600: checking for a thread-safe mkdir -p
configure:2639: result: /usr/bin/mkdir -p
configure:2646: checking for gawk
configure:2662: found /usr/bin/gawk
configure:2673: result: gawk
configure:2684: checking whether make sets $(MAKE)
configure:2706: result: yes
configure:2735: checking whether make supports nested variables
configure:2752: result: yes
configure:2897: checking for g++
configure:2913: found /usr/bin/g++
configure:2924: result: g++
configure:2951: checking for C++ compiler version
configure:2960: g++ --version >&5
g++ (GCC) 4.8.5 20150623 (Red Hat 4.8.5-4)
Copyright (C) 2015 Free Software Foundation, Inc.
This is free software; see the source for copying conditions.  There is NO
warranty; not even for MERCHANTABILITY or FITNESS FOR A PARTICULAR PURPOSE.

configure:2971: $? = 0
configure:2960: g++ -v >&5
Using built-in specs.
COLLECT_GCC=g++
COLLECT_LTO_WRAPPER=/usr/libexec/gcc/x86_64-redhat-linux/4.8.5/lto-wrapper
Target: x86_64-redhat-linux
Configured with: ../configure --prefix=/usr --mandir=/usr/share/man --infodir=/usr/share/info --with-bugurl=http://bugzilla.redhat.com/bugzilla --enable-bootstrap --enable-shared --enable-threads=posix --enable-checking=release --with-system-zlib --enable-__cxa_atexit --disable-libunwind-exceptions --enable-gnu-unique-object --enable-linker-build-id --with-linker-hash-style=gnu --enable-languages=c,c++,objc,obj-c++,java,fortran,ada,go,lto --enable-plugin --enable-initfini-array --disable-libgcj --with-isl=/builddir/build/BUILD/gcc-4.8.5-20150702/obj-x86_64-redhat-linux/isl-install --with-cloog=/builddir/build/BUILD/gcc-4.8.5-20150702/obj-x86_64-redhat-linux/cloog-install --enable-gnu-indirect-function --with-tune=generic --with-arch_32=x86-64 --build=x86_64-redhat-linux
Thread model: posix
gcc version 4.8.5 20150623 (Red Hat 4.8.5-4) (GCC) 
configure:2971: $? = 0
configure:2960: g++ -V >&5
g++: error: unrecognized command line option '-V'
g++: fatal error: no input files
compilation terminated.
configure:2971: $? = 4
configure:2960: g++ -qversion >&5
g++: error: unrecognized command line option '-qversion'
g++: fatal error: no input files
compilation terminated.
configure:2971: $? = 4
configure:2991: checking whether the C++ compiler works
configure:3013: g++    conftest.cpp  >&5
configure:3017: $? = 0
configure:3065: result: yes
configure:3068: checking for C++ compiler default output file name
configure:3070: result: a.out
configure:3076: checking for suffix of executables
configure:3083: g++ -o conftest    conftest.cpp  >&5
configure:3087: $? = 0
configure:3109: result: 
configure:3131: checking whether we are cross compiling
configure:3139: g++ -o conftest    conftest.cpp  >&5
configure:3143: $? = 0
configure:3150: ./conftest
configure:3154: $? = 0
configure:3169: result: no
configure:3174: checking for suffix of object files
configure:3196: g++ -c   conftest.cpp >&5
configure:3200: $? = 0
configure:3221: result: o
configure:3225: checking whether we are using the GNU C++ compiler
configure:3244: g++ -c   conftest.cpp >&5
configure:3244: $? = 0
configure:3253: result: yes
configure:3262: checking whether g++ accepts -g
configure:3282: g++ -c -g  conftest.cpp >&5
configure:3282: $? = 0
configure:3323: result: yes
configure:3357: checking for style of include used by make
configure:3385: result: GNU
configure:3411: checking dependency style of g++
configure:3522: result: gcc3
configure:3585: checking for gcc
configure:3601: found /usr/bin/gcc
configure:3612: result: gcc
configure:3841: checking for C compiler version
configure:3850: gcc --version >&5
gcc (GCC) 4.8.5 20150623 (Red Hat 4.8.5-4)
Copyright (C) 2015 Free Software Foundation, Inc.
This is free software; see the source for copying conditions.  There is NO
warranty; not even for MERCHANTABILITY or FITNESS FOR A PARTICULAR PURPOSE.

configure:3861: $? = 0
configure:3850: gcc -v >&5
Using built-in specs.
COLLECT_GCC=gcc
COLLECT_LTO_WRAPPER=/usr/libexec/gcc/x86_64-redhat-linux/4.8.5/lto-wrapper
Target: x86_64-redhat-linux
Configured with: ../configure --prefix=/usr --mandir=/usr/share/man --infodir=/usr/share/info --with-bugurl=http://bugzilla.redhat.com/bugzilla --enable-bootstrap --enable-shared --enable-threads=posix --enable-checking=release --with-system-zlib --enable-__cxa_atexit --disable-libunwind-exceptions --enable-gnu-unique-object --enable-linker-build-id --with-linker-hash-style=gnu --enable-languages=c,c++,objc,obj-c++,java,fortran,ada,go,lto --enable-plugin --enable-initfini-array --disable-libgcj --with-isl=/builddir/build/BUILD/gcc-4.8.5-20150702/obj-x86_64-redhat-linux/isl-install --with-cloog=/builddir/build/BUILD/gcc-4.8.5-20150702/obj-x86_64-redhat-linux/cloog-install --enable-gnu-indirect-function --with-tune=generic --with-arch_32=x86-64 --build=x86_64-redhat-linux
Thread model: posix
gcc version 4.8.5 20150623 (Red Hat 4.8.5-4) (GCC) 
configure:3861: $? = 0
configure:3850: gcc -V >&5
gcc: error: unrecognized command line option '-V'
gcc: fatal error: no input files
compilation terminated.
configure:3861: $? = 4
configure:3850: gcc -qversion >&5
gcc: error: unrecognized command line option '-qversion'
gcc: fatal error: no input files
compilation terminated.
configure:3861: $? = 4
configure:3865: checking whether we are using the GNU C compiler
configure:3884: gcc -c   conftest.c >&5
configure:3884: $? = 0
configure:3893: result: yes
configure:3902: checking whether gcc accepts -g
configure:3922: gcc -c -g  conftest.c >&5
configure:3922: $? = 0
configure:3963: result: yes
configure:3980: checking for gcc option to accept ISO C89
configure:4043: gcc  -c -g -O2  conftest.c >&5
configure:4043: $? = 0
configure:4056: result: none needed
configure:4078: checking dependency style of gcc
configure:4189: result: gcc3
configure:4204: checking whether ln -s works
configure:4208: result: yes
configure:4215: checking whether make sets $(MAKE)
configure:4237: result: yes
configure:4289: checking for ranlib
configure:4305: found /usr/bin/ranlib
configure:4316: result: ranlib
configure:4410: checking for /home/szm/cd/alize-core/alize-core/lib/libalize_Linux_x86_64.a
configure:4424: result: yes
configure:4431: checking for /home/szm/cd/alize-core/alize-core/lib/libalize.a
configure:4445: result: no
configure:4478: checking how to run the C preprocessor
configure:4509: gcc -E  conftest.c
configure:4509: $? = 0
configure:4523: gcc -E  conftest.c
conftest.c:11:28: fatal error: ac_nonexistent.h: No such file or directory
 #include <ac_nonexistent.h>
                            ^
compilation terminated.
configure:4523: $? = 1
configure: failed program was:
| /* confdefs.h */
| #define PACKAGE_NAME "LIA_RAL"
| #define PACKAGE_TARNAME "lia_ral"
| #define PACKAGE_VERSION "3.0"
| #define PACKAGE_STRING "LIA_RAL 3.0"
| #define PACKAGE_BUGREPORT "dev-alize@listes.univ-avignon.fr"
| #define PACKAGE_URL ""
| #define PACKAGE "LIA_RAL"
| #define VERSION "3.0"
| /* end confdefs.h.  */
| #include <ac_nonexistent.h>
configure:4548: result: gcc -E
configure:4568: gcc -E  conftest.c
configure:4568: $? = 0
configure:4582: gcc -E  conftest.c
conftest.c:11:28: fatal error: ac_nonexistent.h: No such file or directory
 #include <ac_nonexistent.h>
                            ^
compilation terminated.
configure:4582: $? = 1
configure: failed program was:
| /* confdefs.h */
| #define PACKAGE_NAME "LIA_RAL"
| #define PACKAGE_TARNAME "lia_ral"
| #define PACKAGE_VERSION "3.0"
| #define PACKAGE_STRING "LIA_RAL 3.0"
| #define PACKAGE_BUGREPORT "dev-alize@listes.univ-avignon.fr"
| #define PACKAGE_URL ""
| #define PACKAGE "LIA_RAL"
| #define VERSION "3.0"
| /* end confdefs.h.  */
| #include <ac_nonexistent.h>
configure:4611: checking for grep that handles long lines and -e
configure:4669: result: /usr/bin/grep
configure:4674: checking for egrep
configure:4736: result: /usr/bin/grep -E
configure:4741: checking for ANSI C header files
configure:4761: gcc -c -g -O2  conftest.c >&5
configure:4761: $? = 0
configure:4834: gcc -o conftest -g -O2   conftest.c  >&5
configure:4834: $? = 0
configure:4834: ./conftest
configure:4834: $? = 0
configure:4845: result: yes
configure:4858: checking for sys/types.h
configure:4858: gcc -c -g -O2  conftest.c >&5
configure:4858: $? = 0
configure:4858: result: yes
configure:4858: checking for sys/stat.h
configure:4858: gcc -c -g -O2  conftest.c >&5
configure:4858: $? = 0
configure:4858: result: yes
configure:4858: checking for stdlib.h
configure:4858: gcc -c -g -O2  conftest.c >&5
configure:4858: $? = 0
configure:4858: result: yes
configure:4858: checking for string.h
configure:4858: gcc -c -g -O2  conftest.c >&5
configure:4858: $? = 0
configure:4858: result: yes
configure:4858: checking for memory.h
configure:4858: gcc -c -g -O2  conftest.c >&5
configure:4858: $? = 0
configure:4858: result: yes
configure:4858: checking for strings.h
configure:4858: gcc -c -g -O2  conftest.c >&5
configure:4858: $? = 0
configure:4858: result: yes
configure:4858: checking for inttypes.h
configure:4858: gcc -c -g -O2  conftest.c >&5
configure:4858: $? = 0
configure:4858: result: yes
configure:4858: checking for stdint.h
configure:4858: gcc -c -g -O2  conftest.c >&5
configure:4858: $? = 0
configure:4858: result: yes
configure:4858: checking for unistd.h
configure:4858: gcc -c -g -O2  conftest.c >&5
configure:4858: $? = 0
configure:4858: result: yes
configure:4873: checking fcntl.h usability
configure:4873: gcc -c -g -O2  conftest.c >&5
configure:4873: $? = 0
configure:4873: result: yes
configure:4873: checking fcntl.h presence
configure:4873: gcc -E  conftest.c
configure:4873: $? = 0
configure:4873: result: yes
configure:4873: checking for fcntl.h
configure:4873: result: yes
configure:4873: checking float.h usability
configure:4873: gcc -c -g -O2  conftest.c >&5
configure:4873: $? = 0
configure:4873: result: yes
configure:4873: checking float.h presence
configure:4873: gcc -E  conftest.c
configure:4873: $? = 0
configure:4873: result: yes
configure:4873: checking for float.h
configure:4873: result: yes
configure:4873: checking netinet/in.h usability
configure:4873: gcc -c -g -O2  conftest.c >&5
configure:4873: $? = 0
configure:4873: result: yes
configure:4873: checking netinet/in.h presence
configure:4873: gcc -E  conftest.c
configure:4873: $? = 0
configure:4873: result: yes
configure:4873: checking for netinet/in.h
configure:4873: result: yes
configure:4873: checking for stdlib.h
configure:4873: result: yes
configure:4873: checking for string.h
configure:4873: result: yes
configure:4873: checking for strings.h
configure:4873: result: yes
configure:4873: checking sys/time.h usability
configure:4873: gcc -c -g -O2  conftest.c >&5
configure:4873: $? = 0
configure:4873: result: yes
configure:4873: checking sys/time.h presence
configure:4873: gcc -E  conftest.c
configure:4873: $? = 0
configure:4873: result: yes
configure:4873: checking for sys/time.h
configure:4873: result: yes
configure:4873: checking for unistd.h
configure:4873: result: yes
configure:4885: checking for stdbool.h that conforms to C99
configure:4952: gcc -c -g -O2  conftest.c >&5
configure:4952: $? = 0
configure:4959: result: yes
configure:4961: checking for _Bool
configure:4961: gcc -c -g -O2  conftest.c >&5
configure:4961: $? = 0
configure:4961: gcc -c -g -O2  conftest.c >&5
conftest.c: In function 'main':
conftest.c:65:20: error: expected expression before ')' token
 if (sizeof ((_Bool)))
                    ^
configure:4961: $? = 1
configure: failed program was:
| /* confdefs.h */
| #define PACKAGE_NAME "LIA_RAL"
| #define PACKAGE_TARNAME "lia_ral"
| #define PACKAGE_VERSION "3.0"
| #define PACKAGE_STRING "LIA_RAL 3.0"
| #define PACKAGE_BUGREPORT "dev-alize@listes.univ-avignon.fr"
| #define PACKAGE_URL ""
| #define PACKAGE "LIA_RAL"
| #define VERSION "3.0"
| #define STDC_HEADERS 1
| #define HAVE_SYS_TYPES_H 1
| #define HAVE_SYS_STAT_H 1
| #define HAVE_STDLIB_H 1
| #define HAVE_STRING_H 1
| #define HAVE_MEMORY_H 1
| #define HAVE_STRINGS_H 1
| #define HAVE_INTTYPES_H 1
| #define HAVE_STDINT_H 1
| #define HAVE_UNISTD_H 1
| #define HAVE_FCNTL_H 1
| #define HAVE_FLOAT_H 1
| #define HAVE_NETINET_IN_H 1
| #define HAVE_STDLIB_H 1
| #define HAVE_STRING_H 1
| #define HAVE_STRINGS_H 1
| #define HAVE_SYS_TIME_H 1
| #define HAVE_UNISTD_H 1
| /* end confdefs.h.  */
| #include <stdio.h>
| #ifdef HAVE_SYS_TYPES_H
| # include <sys/types.h>
| #endif
| #ifdef HAVE_SYS_STAT_H
| # include <sys/stat.h>
| #endif
| #ifdef STDC_HEADERS
| # include <stdlib.h>
| # include <stddef.h>
| #else
| # ifdef HAVE_STDLIB_H
| #  include <stdlib.h>
| # endif
| #endif
| #ifdef HAVE_STRING_H
| # if !defined STDC_HEADERS && defined HAVE_MEMORY_H
| #  include <memory.h>
| # endif
| # include <string.h>
| #endif
| #ifdef HAVE_STRINGS_H
| # include <strings.h>
| #endif
| #ifdef HAVE_INTTYPES_H
| # include <inttypes.h>
| #endif
| #ifdef HAVE_STDINT_H
| # include <stdint.h>
| #endif
| #ifdef HAVE_UNISTD_H
| # include <unistd.h>
| #endif
| int
| main ()
| {
| if (sizeof ((_Bool)))
| 	    return 0;
|   ;
|   return 0;
| }
configure:4961: result: yes
configure:4978: checking for an ANSI C-conforming const
configure:5044: gcc -c -g -O2  conftest.c >&5
configure:5044: $? = 0
configure:5051: result: yes
configure:5059: checking for inline
configure:5075: gcc -c -g -O2  conftest.c >&5
configure:5075: $? = 0
configure:5083: result: inline
configure:5101: checking for working volatile
configure:5120: gcc -c -g -O2  conftest.c >&5
configure:5120: $? = 0
configure:5127: result: yes
configure:5139: checking for stdlib.h
configure:5139: result: yes
configure:5149: checking for GNU libc compatible malloc
configure:5173: gcc -o conftest -g -O2   conftest.c  >&5
configure:5173: $? = 0
configure:5173: ./conftest
configure:5173: $? = 0
configure:5183: result: yes
configure:5206: checking for stdlib.h
configure:5206: result: yes
configure:5216: checking for GNU libc compatible realloc
configure:5240: gcc -o conftest -g -O2   conftest.c  >&5
configure:5240: $? = 0
configure:5240: ./conftest
configure:5240: $? = 0
configure:5250: result: yes
configure:5271: checking whether lstat correctly handles trailing slash
configure:5297: gcc -o conftest -g -O2   conftest.c  >&5
configure:5297: $? = 0
configure:5297: ./conftest
configure:5297: $? = 0
configure:5314: result: yes
configure:5333: checking whether stat accepts an empty string
configure:5353: gcc -o conftest -g -O2   conftest.c  >&5
configure:5353: $? = 0
configure:5353: ./conftest
configure:5353: $? = 0
configure:5363: result: no
configure:5381: checking for vprintf
configure:5381: gcc -o conftest -g -O2   conftest.c  >&5
conftest.c:59:6: warning: conflicting types for built-in function 'vprintf' [enabled by default]
 char vprintf ();
      ^
configure:5381: $? = 0
configure:5381: result: yes
configure:5387: checking for _doprnt
configure:5387: gcc -o conftest -g -O2   conftest.c  >&5
/tmp/ccUOjl6R.o: In function `main':
/home/szm/cd/LIA_RAL/LIA_RAL/conftest.c:71: undefined reference to `_doprnt'
collect2: error: ld returned 1 exit status
configure:5387: $? = 1
configure: failed program was:
| /* confdefs.h */
| #define PACKAGE_NAME "LIA_RAL"
| #define PACKAGE_TARNAME "lia_ral"
| #define PACKAGE_VERSION "3.0"
| #define PACKAGE_STRING "LIA_RAL 3.0"
| #define PACKAGE_BUGREPORT "dev-alize@listes.univ-avignon.fr"
| #define PACKAGE_URL ""
| #define PACKAGE "LIA_RAL"
| #define VERSION "3.0"
| #define STDC_HEADERS 1
| #define HAVE_SYS_TYPES_H 1
| #define HAVE_SYS_STAT_H 1
| #define HAVE_STDLIB_H 1
| #define HAVE_STRING_H 1
| #define HAVE_MEMORY_H 1
| #define HAVE_STRINGS_H 1
| #define HAVE_INTTYPES_H 1
| #define HAVE_STDINT_H 1
| #define HAVE_UNISTD_H 1
| #define HAVE_FCNTL_H 1
| #define HAVE_FLOAT_H 1
| #define HAVE_NETINET_IN_H 1
| #define HAVE_STDLIB_H 1
| #define HAVE_STRING_H 1
| #define HAVE_STRINGS_H 1
| #define HAVE_SYS_TIME_H 1
| #define HAVE_UNISTD_H 1
| #define HAVE__BOOL 1
| #define HAVE_STDBOOL_H 1
| #define HAVE_STDLIB_H 1
| #define HAVE_MALLOC 1
| #define HAVE_STDLIB_H 1
| #define HAVE_REALLOC 1
| #define LSTAT_FOLLOWS_SLASHED_SYMLINK 1
| #define HAVE_VPRINTF 1
| /* end confdefs.h.  */
| /* Define _doprnt to an innocuous variant, in case <limits.h> declares _doprnt.
|    For example, HP-UX 11i <limits.h> declares gettimeofday.  */
| #define _doprnt innocuous__doprnt
| 
| /* System header to define __stub macros and hopefully few prototypes,
|     which can conflict with char _doprnt (); below.
|     Prefer <limits.h> to <assert.h> if __STDC__ is defined, since
|     <limits.h> exists even on freestanding compilers.  */
| 
| #ifdef __STDC__
| # include <limits.h>
| #else
| # include <assert.h>
| #endif
| 
| #undef _doprnt
| 
| /* Override any GCC internal prototype to avoid an error.
|    Use char because int might match the return type of a GCC
|    builtin and then its argument prototype would still apply.  */
| #ifdef __cplusplus
| extern "C"
| #endif
| char _doprnt ();
| /* The GNU C library defines this for functions which it implements
|     to always fail with ENOSYS.  Some functions are actually named
|     something starting with __ and the normal name is an alias.  */
| #if defined __stub__doprnt || defined __stub____doprnt
| choke me
| #endif
| 
| int
| main ()
| {
| return _doprnt ();
|   ;
|   return 0;
| }
configure:5387: result: no
configure:5401: checking for floor
configure:5401: gcc -o conftest -g -O2   conftest.c  >&5
conftest.c:60:6: warning: conflicting types for built-in function 'floor' [enabled by default]
 char floor ();
      ^
/tmp/ccRf7oPY.o: In function `main':
/home/szm/cd/LIA_RAL/LIA_RAL/conftest.c:71: undefined reference to `floor'
collect2: error: ld returned 1 exit status
configure:5401: $? = 1
configure: failed program was:
| /* confdefs.h */
| #define PACKAGE_NAME "LIA_RAL"
| #define PACKAGE_TARNAME "lia_ral"
| #define PACKAGE_VERSION "3.0"
| #define PACKAGE_STRING "LIA_RAL 3.0"
| #define PACKAGE_BUGREPORT "dev-alize@listes.univ-avignon.fr"
| #define PACKAGE_URL ""
| #define PACKAGE "LIA_RAL"
| #define VERSION "3.0"
| #define STDC_HEADERS 1
| #define HAVE_SYS_TYPES_H 1
| #define HAVE_SYS_STAT_H 1
| #define HAVE_STDLIB_H 1
| #define HAVE_STRING_H 1
| #define HAVE_MEMORY_H 1
| #define HAVE_STRINGS_H 1
| #define HAVE_INTTYPES_H 1
| #define HAVE_STDINT_H 1
| #define HAVE_UNISTD_H 1
| #define HAVE_FCNTL_H 1
| #define HAVE_FLOAT_H 1
| #define HAVE_NETINET_IN_H 1
| #define HAVE_STDLIB_H 1
| #define HAVE_STRING_H 1
| #define HAVE_STRINGS_H 1
| #define HAVE_SYS_TIME_H 1
| #define HAVE_UNISTD_H 1
| #define HAVE__BOOL 1
| #define HAVE_STDBOOL_H 1
| #define HAVE_STDLIB_H 1
| #define HAVE_MALLOC 1
| #define HAVE_STDLIB_H 1
| #define HAVE_REALLOC 1
| #define LSTAT_FOLLOWS_SLASHED_SYMLINK 1
| #define HAVE_VPRINTF 1
| /* end confdefs.h.  */
| /* Define floor to an innocuous variant, in case <limits.h> declares floor.
|    For example, HP-UX 11i <limits.h> declares gettimeofday.  */
| #define floor innocuous_floor
| 
| /* System header to define __stub macros and hopefully few prototypes,
|     which can conflict with char floor (); below.
|     Prefer <limits.h> to <assert.h> if __STDC__ is defined, since
|     <limits.h> exists even on freestanding compilers.  */
| 
| #ifdef __STDC__
| # include <limits.h>
| #else
| # include <assert.h>
| #endif
| 
| #undef floor
| 
| /* Override any GCC internal prototype to avoid an error.
|    Use char because int might match the return type of a GCC
|    builtin and then its argument prototype would still apply.  */
| #ifdef __cplusplus
| extern "C"
| #endif
| char floor ();
| /* The GNU C library defines this for functions which it implements
|     to always fail with ENOSYS.  Some functions are actually named
|     something starting with __ and the normal name is an alias.  */
| #if defined __stub_floor || defined __stub___floor
| choke me
| #endif
| 
| int
| main ()
| {
| return floor ();
|   ;
|   return 0;
| }
configure:5401: result: no
configure:5401: checking for memmove
configure:5401: gcc -o conftest -g -O2   conftest.c  >&5
conftest.c:60:6: warning: conflicting types for built-in function 'memmove' [enabled by default]
 char memmove ();
      ^
configure:5401: $? = 0
configure:5401: result: yes
configure:5401: checking for memset
configure:5401: gcc -o conftest -g -O2   conftest.c  >&5
conftest.c:61:6: warning: conflicting types for built-in function 'memset' [enabled by default]
 char memset ();
      ^
configure:5401: $? = 0
configure:5401: result: yes
configure:5401: checking for pow
configure:5401: gcc -o conftest -g -O2   conftest.c  >&5
conftest.c:62:6: warning: conflicting types for built-in function 'pow' [enabled by default]
 char pow ();
      ^
/tmp/ccDchr2g.o: In function `main':
/home/szm/cd/LIA_RAL/LIA_RAL/conftest.c:73: undefined reference to `pow'
collect2: error: ld returned 1 exit status
configure:5401: $? = 1
configure: failed program was:
| /* confdefs.h */
| #define PACKAGE_NAME "LIA_RAL"
| #define PACKAGE_TARNAME "lia_ral"
| #define PACKAGE_VERSION "3.0"
| #define PACKAGE_STRING "LIA_RAL 3.0"
| #define PACKAGE_BUGREPORT "dev-alize@listes.univ-avignon.fr"
| #define PACKAGE_URL ""
| #define PACKAGE "LIA_RAL"
| #define VERSION "3.0"
| #define STDC_HEADERS 1
| #define HAVE_SYS_TYPES_H 1
| #define HAVE_SYS_STAT_H 1
| #define HAVE_STDLIB_H 1
| #define HAVE_STRING_H 1
| #define HAVE_MEMORY_H 1
| #define HAVE_STRINGS_H 1
| #define HAVE_INTTYPES_H 1
| #define HAVE_STDINT_H 1
| #define HAVE_UNISTD_H 1
| #define HAVE_FCNTL_H 1
| #define HAVE_FLOAT_H 1
| #define HAVE_NETINET_IN_H 1
| #define HAVE_STDLIB_H 1
| #define HAVE_STRING_H 1
| #define HAVE_STRINGS_H 1
| #define HAVE_SYS_TIME_H 1
| #define HAVE_UNISTD_H 1
| #define HAVE__BOOL 1
| #define HAVE_STDBOOL_H 1
| #define HAVE_STDLIB_H 1
| #define HAVE_MALLOC 1
| #define HAVE_STDLIB_H 1
| #define HAVE_REALLOC 1
| #define LSTAT_FOLLOWS_SLASHED_SYMLINK 1
| #define HAVE_VPRINTF 1
| #define HAVE_MEMMOVE 1
| #define HAVE_MEMSET 1
| /* end confdefs.h.  */
| /* Define pow to an innocuous variant, in case <limits.h> declares pow.
|    For example, HP-UX 11i <limits.h> declares gettimeofday.  */
| #define pow innocuous_pow
| 
| /* System header to define __stub macros and hopefully few prototypes,
|     which can conflict with char pow (); below.
|     Prefer <limits.h> to <assert.h> if __STDC__ is defined, since
|     <limits.h> exists even on freestanding compilers.  */
| 
| #ifdef __STDC__
| # include <limits.h>
| #else
| # include <assert.h>
| #endif
| 
| #undef pow
| 
| /* Override any GCC internal prototype to avoid an error.
|    Use char because int might match the return type of a GCC
|    builtin and then its argument prototype would still apply.  */
| #ifdef __cplusplus
| extern "C"
| #endif
| char pow ();
| /* The GNU C library defines this for functions which it implements
|     to always fail with ENOSYS.  Some functions are actually named
|     something starting with __ and the normal name is an alias.  */
| #if defined __stub_pow || defined __stub___pow
| choke me
| #endif
| 
| int
| main ()
| {
| return pow ();
|   ;
|   return 0;
| }
configure:5401: result: no
configure:5401: checking for sqrt
configure:5401: gcc -o conftest -g -O2   conftest.c  >&5
conftest.c:62:6: warning: conflicting types for built-in function 'sqrt' [enabled by default]
 char sqrt ();
      ^
/tmp/cc5rYV4o.o: In function `main':
/home/szm/cd/LIA_RAL/LIA_RAL/conftest.c:73: undefined reference to `sqrt'
collect2: error: ld returned 1 exit status
configure:5401: $? = 1
configure: failed program was:
| /* confdefs.h */
| #define PACKAGE_NAME "LIA_RAL"
| #define PACKAGE_TARNAME "lia_ral"
| #define PACKAGE_VERSION "3.0"
| #define PACKAGE_STRING "LIA_RAL 3.0"
| #define PACKAGE_BUGREPORT "dev-alize@listes.univ-avignon.fr"
| #define PACKAGE_URL ""
| #define PACKAGE "LIA_RAL"
| #define VERSION "3.0"
| #define STDC_HEADERS 1
| #define HAVE_SYS_TYPES_H 1
| #define HAVE_SYS_STAT_H 1
| #define HAVE_STDLIB_H 1
| #define HAVE_STRING_H 1
| #define HAVE_MEMORY_H 1
| #define HAVE_STRINGS_H 1
| #define HAVE_INTTYPES_H 1
| #define HAVE_STDINT_H 1
| #define HAVE_UNISTD_H 1
| #define HAVE_FCNTL_H 1
| #define HAVE_FLOAT_H 1
| #define HAVE_NETINET_IN_H 1
| #define HAVE_STDLIB_H 1
| #define HAVE_STRING_H 1
| #define HAVE_STRINGS_H 1
| #define HAVE_SYS_TIME_H 1
| #define HAVE_UNISTD_H 1
| #define HAVE__BOOL 1
| #define HAVE_STDBOOL_H 1
| #define HAVE_STDLIB_H 1
| #define HAVE_MALLOC 1
| #define HAVE_STDLIB_H 1
| #define HAVE_REALLOC 1
| #define LSTAT_FOLLOWS_SLASHED_SYMLINK 1
| #define HAVE_VPRINTF 1
| #define HAVE_MEMMOVE 1
| #define HAVE_MEMSET 1
| /* end confdefs.h.  */
| /* Define sqrt to an innocuous variant, in case <limits.h> declares sqrt.
|    For example, HP-UX 11i <limits.h> declares gettimeofday.  */
| #define sqrt innocuous_sqrt
| 
| /* System header to define __stub macros and hopefully few prototypes,
|     which can conflict with char sqrt (); below.
|     Prefer <limits.h> to <assert.h> if __STDC__ is defined, since
|     <limits.h> exists even on freestanding compilers.  */
| 
| #ifdef __STDC__
| # include <limits.h>
| #else
| # include <assert.h>
| #endif
| 
| #undef sqrt
| 
| /* Override any GCC internal prototype to avoid an error.
|    Use char because int might match the return type of a GCC
|    builtin and then its argument prototype would still apply.  */
| #ifdef __cplusplus
| extern "C"
| #endif
| char sqrt ();
| /* The GNU C library defines this for functions which it implements
|     to always fail with ENOSYS.  Some functions are actually named
|     something starting with __ and the normal name is an alias.  */
| #if defined __stub_sqrt || defined __stub___sqrt
| choke me
| #endif
| 
| int
| main ()
| {
| return sqrt ();
|   ;
|   return 0;
| }
configure:5401: result: no
configure:5401: checking for strcasecmp
configure:5401: gcc -o conftest -g -O2   conftest.c  >&5
conftest.c:62:6: warning: conflicting types for built-in function 'strcasecmp' [enabled by default]
 char strcasecmp ();
      ^
configure:5401: $? = 0
configure:5401: result: yes
configure:5401: checking for strdup
configure:5401: gcc -o conftest -g -O2   conftest.c  >&5
conftest.c:63:6: warning: conflicting types for built-in function 'strdup' [enabled by default]
 char strdup ();
      ^
configure:5401: $? = 0
configure:5401: result: yes
configure:5558: checking that generated files are newer than configure
configure:5564: result: done
configure:5591: creating ./config.status

## ---------------------- ##
## Running config.status. ##
## ---------------------- ##

This file was extended by LIA_RAL config.status 3.0, which was
generated by GNU Autoconf 2.69.  Invocation command line was

  CONFIG_FILES    = 
  CONFIG_HEADERS  = 
  CONFIG_LINKS    = 
  CONFIG_COMMANDS = 
  $ ./config.status 

on localhost.localdomain

config.status:873: creating LIA_SpkTools/Makefile
config.status:873: creating LIA_SpkTools/src/Makefile
config.status:873: creating LIA_SpkDet/Makefile
config.status:873: creating LIA_SpkDet/TrainWorld/Makefile
config.status:873: creating LIA_SpkDet/TrainWorld/src/Makefile
config.status:873: creating LIA_SpkDet/ComputeJFAStats/Makefile
config.status:873: creating LIA_SpkDet/ComputeJFAStats/src/Makefile
config.status:873: creating LIA_SpkDet/ComputeNorm/Makefile
config.status:873: creating LIA_SpkDet/ComputeNorm/src/Makefile
config.status:873: creating LIA_SpkDet/ComputeTest/Makefile
config.status:873: creating LIA_SpkDet/ComputeTest/src/Makefile
config.status:873: creating LIA_SpkDet/CovIntra/Makefile
config.status:873: creating LIA_SpkDet/CovIntra/src/Makefile
config.status:873: creating LIA_SpkDet/CovIntra/src/SVDLIBC/Makefile
config.status:873: creating LIA_SpkDet/EigenChannel/Makefile
config.status:873: creating LIA_SpkDet/EigenChannel/src/Makefile
config.status:873: creating LIA_SpkDet/EigenVoice/Makefile
config.status:873: creating LIA_SpkDet/EigenVoice/src/Makefile
config.status:873: creating LIA_SpkDet/EstimateDMatrix/Makefile
config.status:873: creating LIA_SpkDet/EstimateDMatrix/src/Makefile
config.status:873: creating LIA_SpkDet/EnergyDetector/Makefile
config.status:873: creating LIA_SpkDet/EnergyDetector/src/Makefile
config.status:873: creating LIA_SpkDet/IvExtractor/Makefile
config.status:873: creating LIA_SpkDet/IvExtractor/src/Makefile
config.status:873: creating LIA_SpkDet/IvNorm/Makefile
config.status:873: creating LIA_SpkDet/IvNorm/src/Makefile
config.status:873: creating LIA_SpkDet/IvTest/Makefile
config.status:873: creating LIA_SpkDet/IvTest/src/Makefile
config.status:873: creating LIA_SpkDet/NormFeat/Makefile
config.status:873: creating LIA_SpkDet/NormFeat/src/Makefile
config.status:873: creating LIA_SpkDet/NormFeatWindowMode/Makefile
config.status:873: creating LIA_SpkDet/NormFeatWindowMode/src/Makefile
config.status:873: creating LIA_SpkDet/PLDA/Makefile
config.status:873: creating LIA_SpkDet/PLDA/src/Makefile
config.status:873: creating LIA_SpkDet/ShiftedDeltaFeat/Makefile
config.status:873: creating LIA_SpkDet/ShiftedDeltaFeat/src/Makefile
config.status:873: creating LIA_SpkDet/SpkAdapt/Makefile
config.status:873: creating LIA_SpkDet/SpkAdapt/src/Makefile
config.status:873: creating LIA_SpkDet/TotalVariability/Makefile
config.status:873: creating LIA_SpkDet/TotalVariability/src/Makefile
config.status:873: creating LIA_SpkDet/TrainTarget/Makefile
config.status:873: creating LIA_SpkDet/TrainTarget/src/Makefile
config.status:873: creating LIA_Utils/Makefile
config.status:873: creating LIA_Utils/ExtractParams/Makefile
config.status:873: creating LIA_Utils/ExtractParams/src/Makefile
config.status:873: creating LIA_Utils/FusionScore/Makefile
config.status:873: creating LIA_Utils/FusionScore/src/Makefile
config.status:873: creating LIA_Utils/Hist/Makefile
config.status:873: creating LIA_Utils/Hist/src/Makefile
config.status:873: creating LIA_Utils/LabelFusion/Makefile
config.status:873: creating LIA_Utils/LabelFusion/src/Makefile
config.status:873: creating LIA_Utils/NAPSV/Makefile
config.status:873: creating LIA_Utils/NAPSV/src/Makefile
config.status:873: creating LIA_Utils/PolyExp/Makefile
config.status:873: creating LIA_Utils/PolyExp/src/Makefile
config.status:873: creating LIA_Utils/ReadFeatFile/Makefile
config.status:873: creating LIA_Utils/ReadFeatFile/src/Makefile
config.status:873: creating LIA_Utils/ReadModel/Makefile
config.status:873: creating LIA_Utils/ReadModel/src/Makefile
config.status:873: creating LIA_Utils/ScoreWarp/Makefile
config.status:873: creating LIA_Utils/ScoreWarp/src/Makefile
config.status:873: creating LIA_Utils/Scoring/Makefile
config.status:873: creating LIA_Utils/Scoring/src/Makefile
config.status:873: creating LIA_Utils/Svm/Makefile
config.status:873: creating LIA_Utils/Svm/src/Makefile
config.status:873: creating LIA_Utils/TimeCluster/Makefile
config.status:873: creating LIA_Utils/TimeCluster/src/Makefile
config.status:873: creating LIA_Utils/ModelToSv/Makefile
config.status:873: creating LIA_Utils/ModelToSv/src/Makefile
config.status:873: creating LIA_SpkSeg/Makefile
config.status:873: creating LIA_SpkSeg/AcousticSegmentation/Makefile
config.status:873: creating LIA_SpkSeg/AcousticSegmentation/src/Makefile
config.status:873: creating LIA_SpkSeg/ReSegmentation/Makefile
config.status:873: creating LIA_SpkSeg/ReSegmentation/src/Makefile
config.status:873: creating LIA_SpkSeg/Segmentation/Makefile
config.status:873: creating LIA_SpkSeg/Segmentation/src/Makefile
config.status:873: creating LIA_SpkSeg/TurnDetection/Makefile
config.status:873: creating LIA_SpkSeg/TurnDetection/src/Makefile
config.status:873: creating Makefile
config.status:1045: executing depfiles commands

## ---------------- ##
## Cache variables. ##
## ---------------- ##

ac_cv_c_compiler_gnu=yes
ac_cv_c_const=yes
ac_cv_c_inline=inline
ac_cv_c_volatile=yes
ac_cv_cxx_compiler_gnu=yes
ac_cv_env_CCC_set=
ac_cv_env_CCC_value=
ac_cv_env_CC_set=
ac_cv_env_CC_value=
ac_cv_env_CFLAGS_set=
ac_cv_env_CFLAGS_value=
ac_cv_env_CPPFLAGS_set=
ac_cv_env_CPPFLAGS_value=
ac_cv_env_CPP_set=
ac_cv_env_CPP_value=
ac_cv_env_CXXFLAGS_set=
ac_cv_env_CXXFLAGS_value=
ac_cv_env_CXX_set=
ac_cv_env_CXX_value=
ac_cv_env_LDFLAGS_set=
ac_cv_env_LDFLAGS_value=
ac_cv_env_LIBS_set=
ac_cv_env_LIBS_value=
ac_cv_env_build_alias_set=
ac_cv_env_build_alias_value=
ac_cv_env_host_alias_set=
ac_cv_env_host_alias_value=
ac_cv_env_target_alias_set=
ac_cv_env_target_alias_value=
ac_cv_file__home_szm_cd_alize_core_alize_core_lib_libalize_Linux_x86_64_a=yes
ac_cv_file__home_szm_cd_alize_core_alize_core_lib_libalize_a=no
ac_cv_func__doprnt=no
ac_cv_func_floor=no
ac_cv_func_lstat_dereferences_slashed_symlink=yes
ac_cv_func_malloc_0_nonnull=yes
ac_cv_func_memmove=yes
ac_cv_func_memset=yes
ac_cv_func_pow=no
ac_cv_func_realloc_0_nonnull=yes
ac_cv_func_sqrt=no
ac_cv_func_stat_empty_string_bug=no
ac_cv_func_strcasecmp=yes
ac_cv_func_strdup=yes
ac_cv_func_vprintf=yes
ac_cv_header_fcntl_h=yes
ac_cv_header_float_h=yes
ac_cv_header_inttypes_h=yes
ac_cv_header_memory_h=yes
ac_cv_header_netinet_in_h=yes
ac_cv_header_stdbool_h=yes
ac_cv_header_stdc=yes
ac_cv_header_stdint_h=yes
ac_cv_header_stdlib_h=yes
ac_cv_header_string_h=yes
ac_cv_header_strings_h=yes
ac_cv_header_sys_stat_h=yes
ac_cv_header_sys_time_h=yes
ac_cv_header_sys_types_h=yes
ac_cv_header_unistd_h=yes
ac_cv_objext=o
ac_cv_path_EGREP='/usr/bin/grep -E'
ac_cv_path_GREP=/usr/bin/grep
ac_cv_path_install='/usr/bin/install -c'
ac_cv_path_mkdir=/usr/bin/mkdir
ac_cv_prog_AWK=gawk
ac_cv_prog_CPP='gcc -E'
ac_cv_prog_ac_ct_CC=gcc
ac_cv_prog_ac_ct_CXX=g++
ac_cv_prog_ac_ct_RANLIB=ranlib
ac_cv_prog_cc_c89=
ac_cv_prog_cc_g=yes
ac_cv_prog_cxx_g=yes
ac_cv_prog_make_make_set=yes
ac_cv_type__Bool=yes
am_cv_CC_dependencies_compiler_type=gcc3
am_cv_CXX_dependencies_compiler_type=gcc3
am_cv_make_support_nested_variables=yes

## ----------------- ##
## Output variables. ##
## ----------------- ##

ACLOCAL='aclocal-1.13'
ALIZE_PATH='/home/szm/cd/alize-core/alize-core'
AMDEPBACKSLASH='\'
AMDEP_FALSE='#'
AMDEP_TRUE=''
AMTAR='$${TAR-tar}'
AM_BACKSLASH='\'
AM_DEFAULT_V='$(AM_DEFAULT_VERBOSITY)'
AM_DEFAULT_VERBOSITY='1'
AM_V='$(V)'
ARCH='x86_64'
AUTOCONF='autoconf'
AUTOHEADER='autoheader'
AUTOMAKE='automake-1.13'
AWK='gawk'
CC='gcc'
CCDEPMODE='depmode=gcc3'
CFLAGS='-g -O2'
CPP='gcc -E'
CPPFLAGS=''
CXX='g++'
CXXDEPMODE='depmode=gcc3'
CXXFLAGS='-O3 -ffast-math'
CYGPATH_W='echo'
DEBUG=''
DEFS='-DPACKAGE_NAME=\"LIA_RAL\" -DPACKAGE_TARNAME=\"lia_ral\" -DPACKAGE_VERSION=\"3.0\" -DPACKAGE_STRING=\"LIA_RAL\ 3.0\" -DPACKAGE_BUGREPORT=\"dev-alize@listes.univ-avignon.fr\" -DPACKAGE_URL=\"\" -DPACKAGE=\"LIA_RAL\" -DVERSION=\"3.0\" -DSTDC_HEADERS=1 -DHAVE_SYS_TYPES_H=1 -DHAVE_SYS_STAT_H=1 -DHAVE_STDLIB_H=1 -DHAVE_STRING_H=1 -DHAVE_MEMORY_H=1 -DHAVE_STRINGS_H=1 -DHAVE_INTTYPES_H=1 -DHAVE_STDINT_H=1 -DHAVE_UNISTD_H=1 -DHAVE_FCNTL_H=1 -DHAVE_FLOAT_H=1 -DHAVE_NETINET_IN_H=1 -DHAVE_STDLIB_H=1 -DHAVE_STRING_H=1 -DHAVE_STRINGS_H=1 -DHAVE_SYS_TIME_H=1 -DHAVE_UNISTD_H=1 -DHAVE__BOOL=1 -DHAVE_STDBOOL_H=1 -DHAVE_STDLIB_H=1 -DHAVE_MALLOC=1 -DHAVE_STDLIB_H=1 -DHAVE_REALLOC=1 -DLSTAT_FOLLOWS_SLASHED_SYMLINK=1 -DHAVE_VPRINTF=1 -DHAVE_MEMMOVE=1 -DHAVE_MEMSET=1 -DHAVE_STRCASECMP=1 -DHAVE_STRDUP=1'
DEPDIR='.deps'
ECHO_C=''
ECHO_N='-n'
ECHO_T=''
EGREP='/usr/bin/grep -E'
EXEEXT=''
GREP='/usr/bin/grep'
INSTALL_DATA='${INSTALL} -m 644'
INSTALL_PROGRAM='${INSTALL}'
INSTALL_SCRIPT='${INSTALL}'
INSTALL_STRIP_PROGRAM='$(install_sh) -c -s'
LAPACK_PATH='/home/szm/cd/LIA_RAL/LIA_RAL/../lapack/'
LDFLAGS=''
LIBLAPACK=''
LIBOBJS=''
LIBS=''
LIBTHREAD=''
LN_S='ln -s'
LTLIBOBJS=''
MAKEINFO='makeinfo'
MKDIR_P='/usr/bin/mkdir -p'
OBJEXT='o'
OS='Linux'
PACKAGE='LIA_RAL'
PACKAGE_BUGREPORT='dev-alize@listes.univ-avignon.fr'
PACKAGE_NAME='LIA_RAL'
PACKAGE_STRING='LIA_RAL 3.0'
PACKAGE_TARNAME='lia_ral'
PACKAGE_URL=''
PACKAGE_VERSION='3.0'
PATH_SEPARATOR=':'
RANLIB='ranlib'
SET_MAKE=''
SHELL='/bin/sh'
STRIP=''
VERSION='3.0'
ac_ct_CC='gcc'
ac_ct_CXX='g++'
am__EXEEXT_FALSE=''
am__EXEEXT_TRUE='#'
am__fastdepCC_FALSE='#'
am__fastdepCC_TRUE=''
am__fastdepCXX_FALSE='#'
am__fastdepCXX_TRUE=''
am__include='include'
am__isrc=''
am__leading_dot='.'
am__nodep='_no'
am__quote=''
am__tar='$${TAR-tar} chof - "$$tardir"'
am__untar='$${TAR-tar} xf -'
bindir='${exec_prefix}/bin'
build_alias=''
datadir='${datarootdir}'
datarootdir='${prefix}/share'
docdir='${datarootdir}/doc/${PACKAGE_TARNAME}'
dvidir='${docdir}'
exec_prefix='${prefix}'
host_alias=''
htmldir='${docdir}'
includedir='${prefix}/include'
infodir='${datarootdir}/info'
install_sh='${SHELL} /home/szm/cd/LIA_RAL/LIA_RAL/install-sh'
lib_alize='-lalize_Linux_x86_64'
libdir='${exec_prefix}/lib'
libexecdir='${exec_prefix}/libexec'
localedir='${datarootdir}/locale'
localstatedir='${prefix}/var'
mandir='${datarootdir}/man'
mkdir_p='$(MKDIR_P)'
oldincludedir='/usr/include'
pdfdir='${docdir}'
prefix='/usr/local'
program_transform_name='s,x,x,'
psdir='${docdir}'
sbindir='${exec_prefix}/sbin'
sharedstatedir='${prefix}/com'
sysconfdir='${prefix}/etc'
target_alias=''

## ----------- ##
## confdefs.h. ##
## ----------- ##

/* confdefs.h */
#define PACKAGE_NAME "LIA_RAL"
#define PACKAGE_TARNAME "lia_ral"
#define PACKAGE_VERSION "3.0"
#define PACKAGE_STRING "LIA_RAL 3.0"
#define PACKAGE_BUGREPORT "dev-alize@listes.univ-avignon.fr"
#define PACKAGE_URL ""
#define PACKAGE "LIA_RAL"
#define VERSION "3.0"
#define STDC_HEADERS 1
#define HAVE_SYS_TYPES_H 1
#define HAVE_SYS_STAT_H 1
#define HAVE_STDLIB_H 1
#define HAVE_STRING_H 1
#define HAVE_MEMORY_H 1
#define HAVE_STRINGS_H 1
#define HAVE_INTTYPES_H 1
#define HAVE_STDINT_H 1
#define HAVE_UNISTD_H 1
#define HAVE_FCNTL_H 1
#define HAVE_FLOAT_H 1
#define HAVE_NETINET_IN_H 1
#define HAVE_STDLIB_H 1
#define HAVE_STRING_H 1
#define HAVE_STRINGS_H 1
#define HAVE_SYS_TIME_H 1
#define HAVE_UNISTD_H 1
#define HAVE__BOOL 1
#define HAVE_STDBOOL_H 1
#define HAVE_STDLIB_H 1
#define HAVE_MALLOC 1
#define HAVE_STDLIB_H 1
#define HAVE_REALLOC 1
#define LSTAT_FOLLOWS_SLASHED_SYMLINK 1
#define HAVE_VPRINTF 1
#define HAVE_MEMMOVE 1
#define HAVE_MEMSET 1
#define HAVE_STRCASECMP 1
#define HAVE_STRDUP 1

configure: exit 0
